CRITICAL - 2024-06-02 02:39:15 --> CodeIgniter\HTTP\Exceptions\BadRequestException: The URI you submitted has disallowed characters: "add}"
[Method: GET, Route: admin/add%7D]
in SYSTEMPATH\Router\Router.php on line 736.
 1 SYSTEMPATH\Router\Router.php(203): CodeIgniter\Router\Router->checkDisallowedChars('admin/add}')
 2 SYSTEMPATH\CodeIgniter.php(834): CodeIgniter\Router\Router->handle('admin/add}')
 3 SYSTEMPATH\CodeIgniter.php(457): CodeIgniter\CodeIgniter->tryToRouteIt(Object(CodeIgniter\Router\RouteCollection))
 4 SYSTEMPATH\CodeIgniter.php(355): CodeIgniter\CodeIgniter->handleRequest(null, Object(Config\Cache), false)
 5 SYSTEMPATH\Boot.php(312): CodeIgniter\CodeIgniter->run()
 6 SYSTEMPATH\Boot.php(67): CodeIgniter\Boot::runCodeIgniter(Object(CodeIgniter\CodeIgniter))
 7 FCPATH\index.php(56): CodeIgniter\Boot::bootWeb(Object(Config\Paths))
CRITICAL - 2024-06-02 03:05:19 --> ErrorException: Cannot redeclare enlace() (previously declared in C:\xampp\htdocs\Sabores-Delicias\app\Views\cliente\entornocliente.php:2)
[Method: GET, Route: cliente/entorno]
in APPPATH\Views\Plantilla\layout_cliente.php on line 5.
 1 [internal function]: CodeIgniter\Debug\Exceptions->shutdownHandler()
CRITICAL - 2024-06-02 03:07:28 --> ErrorException: Cannot redeclare enlace() (previously declared in C:\xampp\htdocs\Sabores-Delicias\app\Views\cliente\entornocliente.php:2)
[Method: GET, Route: cliente/entorno]
in APPPATH\Views\Plantilla\layout_cliente.php on line 8.
 1 [internal function]: CodeIgniter\Debug\Exceptions->shutdownHandler()
CRITICAL - 2024-06-02 03:07:29 --> ErrorException: Cannot redeclare enlace() (previously declared in C:\xampp\htdocs\Sabores-Delicias\app\Views\cliente\entornocliente.php:2)
[Method: GET, Route: cliente/entorno]
in APPPATH\Views\Plantilla\layout_cliente.php on line 8.
 1 [internal function]: CodeIgniter\Debug\Exceptions->shutdownHandler()
CRITICAL - 2024-06-02 03:20:26 --> ErrorException: Undefined variable $logo
[Method: GET, Route: admin/productos/add]
in APPPATH\Views\Plantilla\layout_admin.php on line 17.
 1 APPPATH\Views\Plantilla\layout_admin.php(17): CodeIgniter\Debug\Exceptions->errorHandler(2, 'Undefined variable $logo', 'C:\\xampp\\htdocs\\Sabores-Delicias\\app\\Views\\Plantilla\\layout_admin.php', 17)
 2 SYSTEMPATH\View\View.php(234): include('C:\\xampp\\htdocs\\Sabores-Delicias\\app\\Views\\Plantilla\\layout_admin.php')
 3 SYSTEMPATH\View\View.php(237): CodeIgniter\View\View->CodeIgniter\View\{closure}()
 4 SYSTEMPATH\View\View.php(250): CodeIgniter\View\View->render('Plantilla/layout_admin', [], true)
 5 SYSTEMPATH\Common.php(1171): CodeIgniter\View\View->render('administrador/formulario_productos', [], true)
 6 APPPATH\Controllers\Galeria.php(14): view('administrador/formulario_productos', [...])
 7 SYSTEMPATH\CodeIgniter.php(933): App\Controllers\Galeria->index()
 8 SYSTEMPATH\CodeIgniter.php(509): CodeIgniter\CodeIgniter->runController(Object(App\Controllers\Galeria))
 9 SYSTEMPATH\CodeIgniter.php(355): CodeIgniter\CodeIgniter->handleRequest(null, Object(Config\Cache), false)
10 SYSTEMPATH\Boot.php(312): CodeIgniter\CodeIgniter->run()
11 SYSTEMPATH\Boot.php(67): CodeIgniter\Boot::runCodeIgniter(Object(CodeIgniter\CodeIgniter))
12 FCPATH\index.php(56): CodeIgniter\Boot::bootWeb(Object(Config\Paths))
CRITICAL - 2024-06-02 03:21:25 --> ErrorException: Undefined variable $logo
[Method: GET, Route: admin/productos/add]
in APPPATH\Views\Plantilla\layout_admin.php on line 17.
 1 APPPATH\Views\Plantilla\layout_admin.php(17): CodeIgniter\Debug\Exceptions->errorHandler(2, 'Undefined variable $logo', 'C:\\xampp\\htdocs\\Sabores-Delicias\\app\\Views\\Plantilla\\layout_admin.php', 17)
 2 SYSTEMPATH\View\View.php(234): include('C:\\xampp\\htdocs\\Sabores-Delicias\\app\\Views\\Plantilla\\layout_admin.php')
 3 SYSTEMPATH\View\View.php(237): CodeIgniter\View\View->CodeIgniter\View\{closure}()
 4 SYSTEMPATH\View\View.php(250): CodeIgniter\View\View->render('Plantilla/layout_admin', [], true)
 5 SYSTEMPATH\Common.php(1171): CodeIgniter\View\View->render('administrador/formulario_productos', [], true)
 6 APPPATH\Controllers\Galeria.php(14): view('administrador/formulario_productos', [...])
 7 SYSTEMPATH\CodeIgniter.php(933): App\Controllers\Galeria->index()
 8 SYSTEMPATH\CodeIgniter.php(509): CodeIgniter\CodeIgniter->runController(Object(App\Controllers\Galeria))
 9 SYSTEMPATH\CodeIgniter.php(355): CodeIgniter\CodeIgniter->handleRequest(null, Object(Config\Cache), false)
10 SYSTEMPATH\Boot.php(312): CodeIgniter\CodeIgniter->run()
11 SYSTEMPATH\Boot.php(67): CodeIgniter\Boot::runCodeIgniter(Object(CodeIgniter\CodeIgniter))
12 FCPATH\index.php(56): CodeIgniter\Boot::bootWeb(Object(Config\Paths))
CRITICAL - 2024-06-02 21:05:39 --> ErrorException: Undefined variable $titulo
[Method: GET, Route: administrador/entorno_gestionar_cliente]
in APPPATH\Views\Plantilla\layout_admin.php on line 11.
 1 APPPATH\Views\Plantilla\layout_admin.php(11): CodeIgniter\Debug\Exceptions->errorHandler(2, 'Undefined variable $titulo', 'C:\\xampp\\htdocs\\Sabores-Delicias\\app\\Views\\Plantilla\\layout_admin.php', 11)
 2 SYSTEMPATH\View\View.php(234): include('C:\\xampp\\htdocs\\Sabores-Delicias\\app\\Views\\Plantilla\\layout_admin.php')
 3 SYSTEMPATH\View\View.php(237): CodeIgniter\View\View->CodeIgniter\View\{closure}()
 4 SYSTEMPATH\View\View.php(250): CodeIgniter\View\View->render('Plantilla/layout_admin', [], true)
 5 SYSTEMPATH\Common.php(1171): CodeIgniter\View\View->render('administrador/entorno_gestionar_cliente', [], true)
 6 APPPATH\Controllers\Administrador.php(61): view('administrador/entorno_gestionar_cliente')
 7 SYSTEMPATH\CodeIgniter.php(933): App\Controllers\Administrador->gestionarCliente()
 8 SYSTEMPATH\CodeIgniter.php(509): CodeIgniter\CodeIgniter->runController(Object(App\Controllers\Administrador))
 9 SYSTEMPATH\CodeIgniter.php(355): CodeIgniter\CodeIgniter->handleRequest(null, Object(Config\Cache), false)
10 SYSTEMPATH\Boot.php(312): CodeIgniter\CodeIgniter->run()
11 SYSTEMPATH\Boot.php(67): CodeIgniter\Boot::runCodeIgniter(Object(CodeIgniter\CodeIgniter))
12 FCPATH\index.php(56): CodeIgniter\Boot::bootWeb(Object(Config\Paths))
CRITICAL - 2024-06-02 21:05:48 --> ErrorException: Undefined variable $data
[Method: GET, Route: administrador/entorno_gestionar_cliente]
in APPPATH\Controllers\Administrador.php on line 61.
 1 APPPATH\Controllers\Administrador.php(61): CodeIgniter\Debug\Exceptions->errorHandler(2, 'Undefined variable $data', 'C:\\xampp\\htdocs\\Sabores-Delicias\\app\\Controllers\\Administrador.php', 61)
 2 SYSTEMPATH\CodeIgniter.php(933): App\Controllers\Administrador->gestionarCliente()
 3 SYSTEMPATH\CodeIgniter.php(509): CodeIgniter\CodeIgniter->runController(Object(App\Controllers\Administrador))
 4 SYSTEMPATH\CodeIgniter.php(355): CodeIgniter\CodeIgniter->handleRequest(null, Object(Config\Cache), false)
 5 SYSTEMPATH\Boot.php(312): CodeIgniter\CodeIgniter->run()
 6 SYSTEMPATH\Boot.php(67): CodeIgniter\Boot::runCodeIgniter(Object(CodeIgniter\CodeIgniter))
 7 FCPATH\index.php(56): CodeIgniter\Boot::bootWeb(Object(Config\Paths))
CRITICAL - 2024-06-02 21:06:31 --> ErrorException: Undefined variable $titulo
[Method: GET, Route: administrador/gestionarCliente]
in APPPATH\Views\Plantilla\layout_admin.php on line 11.
 1 APPPATH\Views\Plantilla\layout_admin.php(11): CodeIgniter\Debug\Exceptions->errorHandler(2, 'Undefined variable $titulo', 'C:\\xampp\\htdocs\\Sabores-Delicias\\app\\Views\\Plantilla\\layout_admin.php', 11)
 2 SYSTEMPATH\View\View.php(234): include('C:\\xampp\\htdocs\\Sabores-Delicias\\app\\Views\\Plantilla\\layout_admin.php')
 3 SYSTEMPATH\View\View.php(237): CodeIgniter\View\View->CodeIgniter\View\{closure}()
 4 SYSTEMPATH\View\View.php(250): CodeIgniter\View\View->render('Plantilla/layout_admin', [], true)
 5 SYSTEMPATH\Common.php(1171): CodeIgniter\View\View->render('administrador/entorno_gestionar_cliente', [], true)
 6 APPPATH\Controllers\Administrador.php(61): view('administrador/entorno_gestionar_cliente')
 7 SYSTEMPATH\CodeIgniter.php(933): App\Controllers\Administrador->gestionarCliente()
 8 SYSTEMPATH\CodeIgniter.php(509): CodeIgniter\CodeIgniter->runController(Object(App\Controllers\Administrador))
 9 SYSTEMPATH\CodeIgniter.php(355): CodeIgniter\CodeIgniter->handleRequest(null, Object(Config\Cache), false)
10 SYSTEMPATH\Boot.php(312): CodeIgniter\CodeIgniter->run()
11 SYSTEMPATH\Boot.php(67): CodeIgniter\Boot::runCodeIgniter(Object(CodeIgniter\CodeIgniter))
12 FCPATH\index.php(56): CodeIgniter\Boot::bootWeb(Object(Config\Paths))
CRITICAL - 2024-06-02 21:08:52 --> ErrorException: Undefined variable $titulo
[Method: GET, Route: administrador/gestionarCliente]
in APPPATH\Views\Plantilla\layout_admin.php on line 11.
 1 APPPATH\Views\Plantilla\layout_admin.php(11): CodeIgniter\Debug\Exceptions->errorHandler(2, 'Undefined variable $titulo', 'C:\\xampp\\htdocs\\Sabores-Delicias\\app\\Views\\Plantilla\\layout_admin.php', 11)
 2 SYSTEMPATH\View\View.php(234): include('C:\\xampp\\htdocs\\Sabores-Delicias\\app\\Views\\Plantilla\\layout_admin.php')
 3 SYSTEMPATH\View\View.php(237): CodeIgniter\View\View->CodeIgniter\View\{closure}()
 4 SYSTEMPATH\View\View.php(250): CodeIgniter\View\View->render('Plantilla/layout_admin', [], true)
 5 SYSTEMPATH\Common.php(1171): CodeIgniter\View\View->render('administrador/entorno_gestionar_cliente', [], true)
 6 APPPATH\Controllers\Administrador.php(64): view('administrador/entorno_gestionar_cliente')
 7 SYSTEMPATH\CodeIgniter.php(933): App\Controllers\Administrador->gestionarCliente()
 8 SYSTEMPATH\CodeIgniter.php(509): CodeIgniter\CodeIgniter->runController(Object(App\Controllers\Administrador))
 9 SYSTEMPATH\CodeIgniter.php(355): CodeIgniter\CodeIgniter->handleRequest(null, Object(Config\Cache), false)
10 SYSTEMPATH\Boot.php(312): CodeIgniter\CodeIgniter->run()
11 SYSTEMPATH\Boot.php(67): CodeIgniter\Boot::runCodeIgniter(Object(CodeIgniter\CodeIgniter))
12 FCPATH\index.php(56): CodeIgniter\Boot::bootWeb(Object(Config\Paths))
CRITICAL - 2024-06-02 21:13:13 --> ErrorException: Undefined variable $titulo
[Method: GET, Route: administrador/entorno_gestionar_cliente]
in APPPATH\Views\Plantilla\layout_admin.php on line 11.
 1 APPPATH\Views\Plantilla\layout_admin.php(11): CodeIgniter\Debug\Exceptions->errorHandler(2, 'Undefined variable $titulo', 'C:\\xampp\\htdocs\\Sabores-Delicias\\app\\Views\\Plantilla\\layout_admin.php', 11)
 2 SYSTEMPATH\View\View.php(234): include('C:\\xampp\\htdocs\\Sabores-Delicias\\app\\Views\\Plantilla\\layout_admin.php')
 3 SYSTEMPATH\View\View.php(237): CodeIgniter\View\View->CodeIgniter\View\{closure}()
 4 SYSTEMPATH\View\View.php(250): CodeIgniter\View\View->render('Plantilla/layout_admin', [], true)
 5 SYSTEMPATH\Common.php(1171): CodeIgniter\View\View->render('administrador/entorno_gestionar_cliente', [], true)
 6 APPPATH\Controllers\Administrador.php(63): view('administrador/entorno_gestionar_cliente')
 7 SYSTEMPATH\CodeIgniter.php(933): App\Controllers\Administrador->entorno_gestionar_cliente()
 8 SYSTEMPATH\CodeIgniter.php(509): CodeIgniter\CodeIgniter->runController(Object(App\Controllers\Administrador))
 9 SYSTEMPATH\CodeIgniter.php(355): CodeIgniter\CodeIgniter->handleRequest(null, Object(Config\Cache), false)
10 SYSTEMPATH\Boot.php(312): CodeIgniter\CodeIgniter->run()
11 SYSTEMPATH\Boot.php(67): CodeIgniter\Boot::runCodeIgniter(Object(CodeIgniter\CodeIgniter))
12 FCPATH\index.php(56): CodeIgniter\Boot::bootWeb(Object(Config\Paths))
CRITICAL - 2024-06-02 21:14:24 --> ErrorException: Undefined variable $titulo
[Method: GET, Route: administrador/entorno_gestionar_cliente]
in APPPATH\Views\Plantilla\layout_admin.php on line 11.
 1 APPPATH\Views\Plantilla\layout_admin.php(11): CodeIgniter\Debug\Exceptions->errorHandler(2, 'Undefined variable $titulo', 'C:\\xampp\\htdocs\\Sabores-Delicias\\app\\Views\\Plantilla\\layout_admin.php', 11)
 2 SYSTEMPATH\View\View.php(234): include('C:\\xampp\\htdocs\\Sabores-Delicias\\app\\Views\\Plantilla\\layout_admin.php')
 3 SYSTEMPATH\View\View.php(237): CodeIgniter\View\View->CodeIgniter\View\{closure}()
 4 SYSTEMPATH\View\View.php(250): CodeIgniter\View\View->render('Plantilla/layout_admin', [], true)
 5 SYSTEMPATH\Common.php(1171): CodeIgniter\View\View->render('administrador/entorno_gestionar_cliente', [], true)
 6 APPPATH\Controllers\Administrador.php(63): view('administrador/entorno_gestionar_cliente')
 7 SYSTEMPATH\CodeIgniter.php(933): App\Controllers\Administrador->gestionarCliente()
 8 SYSTEMPATH\CodeIgniter.php(509): CodeIgniter\CodeIgniter->runController(Object(App\Controllers\Administrador))
 9 SYSTEMPATH\CodeIgniter.php(355): CodeIgniter\CodeIgniter->handleRequest(null, Object(Config\Cache), false)
10 SYSTEMPATH\Boot.php(312): CodeIgniter\CodeIgniter->run()
11 SYSTEMPATH\Boot.php(67): CodeIgniter\Boot::runCodeIgniter(Object(CodeIgniter\CodeIgniter))
12 FCPATH\index.php(56): CodeIgniter\Boot::bootWeb(Object(Config\Paths))
CRITICAL - 2024-06-02 21:21:43 --> ErrorException: Undefined variable $titulo
[Method: GET, Route: administrador/cliente]
in APPPATH\Views\Plantilla\layout_admin.php on line 11.
 1 APPPATH\Views\Plantilla\layout_admin.php(11): CodeIgniter\Debug\Exceptions->errorHandler(2, 'Undefined variable $titulo', 'C:\\xampp\\htdocs\\Sabores-Delicias\\app\\Views\\Plantilla\\layout_admin.php', 11)
 2 SYSTEMPATH\View\View.php(234): include('C:\\xampp\\htdocs\\Sabores-Delicias\\app\\Views\\Plantilla\\layout_admin.php')
 3 SYSTEMPATH\View\View.php(237): CodeIgniter\View\View->CodeIgniter\View\{closure}()
 4 SYSTEMPATH\View\View.php(250): CodeIgniter\View\View->render('Plantilla/layout_admin', [], true)
 5 SYSTEMPATH\Common.php(1171): CodeIgniter\View\View->render('administrador/entorno_gestionar_cliente', [], true)
 6 APPPATH\Controllers\Administrador.php(63): view('administrador/entorno_gestionar_cliente')
 7 SYSTEMPATH\CodeIgniter.php(933): App\Controllers\Administrador->gestionarCliente()
 8 SYSTEMPATH\CodeIgniter.php(509): CodeIgniter\CodeIgniter->runController(Object(App\Controllers\Administrador))
 9 SYSTEMPATH\CodeIgniter.php(355): CodeIgniter\CodeIgniter->handleRequest(null, Object(Config\Cache), false)
10 SYSTEMPATH\Boot.php(312): CodeIgniter\CodeIgniter->run()
11 SYSTEMPATH\Boot.php(67): CodeIgniter\Boot::runCodeIgniter(Object(CodeIgniter\CodeIgniter))
12 FCPATH\index.php(56): CodeIgniter\Boot::bootWeb(Object(Config\Paths))
CRITICAL - 2024-06-02 21:22:20 --> ErrorException: Undefined variable $titulo
[Method: GET, Route: administrador/cliente]
in APPPATH\Views\Plantilla\layout_admin.php on line 11.
 1 APPPATH\Views\Plantilla\layout_admin.php(11): CodeIgniter\Debug\Exceptions->errorHandler(2, 'Undefined variable $titulo', 'C:\\xampp\\htdocs\\Sabores-Delicias\\app\\Views\\Plantilla\\layout_admin.php', 11)
 2 SYSTEMPATH\View\View.php(234): include('C:\\xampp\\htdocs\\Sabores-Delicias\\app\\Views\\Plantilla\\layout_admin.php')
 3 SYSTEMPATH\View\View.php(237): CodeIgniter\View\View->CodeIgniter\View\{closure}()
 4 SYSTEMPATH\View\View.php(250): CodeIgniter\View\View->render('Plantilla/layout_admin', [], true)
 5 SYSTEMPATH\Common.php(1171): CodeIgniter\View\View->render('administrador/entorno_gestionar_cliente', [], true)
 6 APPPATH\Controllers\Administrador.php(62): view('administrador/entorno_gestionar_cliente')
 7 SYSTEMPATH\CodeIgniter.php(933): App\Controllers\Administrador->gestionarCliente()
 8 SYSTEMPATH\CodeIgniter.php(509): CodeIgniter\CodeIgniter->runController(Object(App\Controllers\Administrador))
 9 SYSTEMPATH\CodeIgniter.php(355): CodeIgniter\CodeIgniter->handleRequest(null, Object(Config\Cache), false)
10 SYSTEMPATH\Boot.php(312): CodeIgniter\CodeIgniter->run()
11 SYSTEMPATH\Boot.php(67): CodeIgniter\Boot::runCodeIgniter(Object(CodeIgniter\CodeIgniter))
12 FCPATH\index.php(56): CodeIgniter\Boot::bootWeb(Object(Config\Paths))
CRITICAL - 2024-06-02 21:22:20 --> ErrorException: Undefined variable $titulo
[Method: GET, Route: administrador/cliente]
in APPPATH\Views\Plantilla\layout_admin.php on line 11.
 1 APPPATH\Views\Plantilla\layout_admin.php(11): CodeIgniter\Debug\Exceptions->errorHandler(2, 'Undefined variable $titulo', 'C:\\xampp\\htdocs\\Sabores-Delicias\\app\\Views\\Plantilla\\layout_admin.php', 11)
 2 SYSTEMPATH\View\View.php(234): include('C:\\xampp\\htdocs\\Sabores-Delicias\\app\\Views\\Plantilla\\layout_admin.php')
 3 SYSTEMPATH\View\View.php(237): CodeIgniter\View\View->CodeIgniter\View\{closure}()
 4 SYSTEMPATH\View\View.php(250): CodeIgniter\View\View->render('Plantilla/layout_admin', [], true)
 5 SYSTEMPATH\Common.php(1171): CodeIgniter\View\View->render('administrador/entorno_gestionar_cliente', [], true)
 6 APPPATH\Controllers\Administrador.php(62): view('administrador/entorno_gestionar_cliente')
 7 SYSTEMPATH\CodeIgniter.php(933): App\Controllers\Administrador->gestionarCliente()
 8 SYSTEMPATH\CodeIgniter.php(509): CodeIgniter\CodeIgniter->runController(Object(App\Controllers\Administrador))
 9 SYSTEMPATH\CodeIgniter.php(355): CodeIgniter\CodeIgniter->handleRequest(null, Object(Config\Cache), false)
10 SYSTEMPATH\Boot.php(312): CodeIgniter\CodeIgniter->run()
11 SYSTEMPATH\Boot.php(67): CodeIgniter\Boot::runCodeIgniter(Object(CodeIgniter\CodeIgniter))
12 FCPATH\index.php(56): CodeIgniter\Boot::bootWeb(Object(Config\Paths))
CRITICAL - 2024-06-02 21:22:50 --> ErrorException: Undefined variable $titulo
[Method: GET, Route: administrador/entorno_gestionar_cliente]
in APPPATH\Views\Plantilla\layout_admin.php on line 11.
 1 APPPATH\Views\Plantilla\layout_admin.php(11): CodeIgniter\Debug\Exceptions->errorHandler(2, 'Undefined variable $titulo', 'C:\\xampp\\htdocs\\Sabores-Delicias\\app\\Views\\Plantilla\\layout_admin.php', 11)
 2 SYSTEMPATH\View\View.php(234): include('C:\\xampp\\htdocs\\Sabores-Delicias\\app\\Views\\Plantilla\\layout_admin.php')
 3 SYSTEMPATH\View\View.php(237): CodeIgniter\View\View->CodeIgniter\View\{closure}()
 4 SYSTEMPATH\View\View.php(250): CodeIgniter\View\View->render('Plantilla/layout_admin', [], true)
 5 SYSTEMPATH\Common.php(1171): CodeIgniter\View\View->render('administrador/entorno_gestionar_cliente', [], true)
 6 APPPATH\Controllers\Administrador.php(62): view('administrador/entorno_gestionar_cliente')
 7 SYSTEMPATH\CodeIgniter.php(933): App\Controllers\Administrador->gestionarCliente()
 8 SYSTEMPATH\CodeIgniter.php(509): CodeIgniter\CodeIgniter->runController(Object(App\Controllers\Administrador))
 9 SYSTEMPATH\CodeIgniter.php(355): CodeIgniter\CodeIgniter->handleRequest(null, Object(Config\Cache), false)
10 SYSTEMPATH\Boot.php(312): CodeIgniter\CodeIgniter->run()
11 SYSTEMPATH\Boot.php(67): CodeIgniter\Boot::runCodeIgniter(Object(CodeIgniter\CodeIgniter))
12 FCPATH\index.php(56): CodeIgniter\Boot::bootWeb(Object(Config\Paths))
