CRITICAL - 2024-06-04 00:17:22 --> CodeIgniter\View\Exceptions\ViewException: Invalid file: "inventario/entorno_inventario.php"
[Method: GET, Route: adminaitrador/entorno_inventario]
in SYSTEMPATH\Exceptions\FrameworkException.php on line 41.
 1 SYSTEMPATH\View\View.php(222): CodeIgniter\Exceptions\FrameworkException::forInvalidFile('inventario/entorno_inventario.php')
 2 SYSTEMPATH\Common.php(1171): CodeIgniter\View\View->render('inventario/entorno_inventario', [], true)
 3 APPPATH\Controllers\Inventario.php(11): view('inventario/entorno_inventario', [...])
 4 SYSTEMPATH\CodeIgniter.php(933): App\Controllers\Inventario->gestionarInventario()
 5 SYSTEMPATH\CodeIgniter.php(509): CodeIgniter\CodeIgniter->runController(Object(App\Controllers\Inventario))
 6 SYSTEMPATH\CodeIgniter.php(355): CodeIgniter\CodeIgniter->handleRequest(null, Object(Config\Cache), false)
 7 SYSTEMPATH\Boot.php(312): CodeIgniter\CodeIgniter->run()
 8 SYSTEMPATH\Boot.php(67): CodeIgniter\Boot::runCodeIgniter(Object(CodeIgniter\CodeIgniter))
 9 FCPATH\index.php(56): CodeIgniter\Boot::bootWeb(Object(Config\Paths))
CRITICAL - 2024-06-04 00:18:13 --> CodeIgniter\View\Exceptions\ViewException: Invalid file: "inventario/entorno_inventario.php"
[Method: GET, Route: adminaitrador/entorno_inventario]
in SYSTEMPATH\Exceptions\FrameworkException.php on line 41.
 1 SYSTEMPATH\View\View.php(222): CodeIgniter\Exceptions\FrameworkException::forInvalidFile('inventario/entorno_inventario.php')
 2 SYSTEMPATH\Common.php(1171): CodeIgniter\View\View->render('inventario/entorno_inventario', [], true)
 3 APPPATH\Controllers\Inventario.php(11): view('inventario/entorno_inventario', [...])
 4 SYSTEMPATH\CodeIgniter.php(933): App\Controllers\Inventario->gestionarInventario()
 5 SYSTEMPATH\CodeIgniter.php(509): CodeIgniter\CodeIgniter->runController(Object(App\Controllers\Inventario))
 6 SYSTEMPATH\CodeIgniter.php(355): CodeIgniter\CodeIgniter->handleRequest(null, Object(Config\Cache), false)
 7 SYSTEMPATH\Boot.php(312): CodeIgniter\CodeIgniter->run()
 8 SYSTEMPATH\Boot.php(67): CodeIgniter\Boot::runCodeIgniter(Object(CodeIgniter\CodeIgniter))
 9 FCPATH\index.php(56): CodeIgniter\Boot::bootWeb(Object(Config\Paths))
CRITICAL - 2024-06-04 00:19:00 --> CodeIgniter\View\Exceptions\ViewException: Invalid file: "inventario/entorno_inventario.php"
[Method: GET, Route: adminaitrador/entorno_inventario]
in SYSTEMPATH\Exceptions\FrameworkException.php on line 41.
 1 SYSTEMPATH\View\View.php(222): CodeIgniter\Exceptions\FrameworkException::forInvalidFile('inventario/entorno_inventario.php')
 2 SYSTEMPATH\Common.php(1171): CodeIgniter\View\View->render('inventario/entorno_inventario', [], true)
 3 APPPATH\Controllers\Inventario.php(11): view('inventario/entorno_inventario', [...])
 4 SYSTEMPATH\CodeIgniter.php(933): App\Controllers\Inventario->gestionarInventario()
 5 SYSTEMPATH\CodeIgniter.php(509): CodeIgniter\CodeIgniter->runController(Object(App\Controllers\Inventario))
 6 SYSTEMPATH\CodeIgniter.php(355): CodeIgniter\CodeIgniter->handleRequest(null, Object(Config\Cache), false)
 7 SYSTEMPATH\Boot.php(312): CodeIgniter\CodeIgniter->run()
 8 SYSTEMPATH\Boot.php(67): CodeIgniter\Boot::runCodeIgniter(Object(CodeIgniter\CodeIgniter))
 9 FCPATH\index.php(56): CodeIgniter\Boot::bootWeb(Object(Config\Paths))
CRITICAL - 2024-06-04 00:19:09 --> CodeIgniter\View\Exceptions\ViewException: Invalid file: "inventario/entorno_inventario.php"
[Method: GET, Route: adminaitrador/entorno_inventario]
in SYSTEMPATH\Exceptions\FrameworkException.php on line 41.
 1 SYSTEMPATH\View\View.php(222): CodeIgniter\Exceptions\FrameworkException::forInvalidFile('inventario/entorno_inventario.php')
 2 SYSTEMPATH\Common.php(1171): CodeIgniter\View\View->render('inventario/entorno_inventario', [], true)
 3 APPPATH\Controllers\Inventario.php(11): view('inventario/entorno_inventario', [...])
 4 SYSTEMPATH\CodeIgniter.php(933): App\Controllers\Inventario->gestionarInventario()
 5 SYSTEMPATH\CodeIgniter.php(509): CodeIgniter\CodeIgniter->runController(Object(App\Controllers\Inventario))
 6 SYSTEMPATH\CodeIgniter.php(355): CodeIgniter\CodeIgniter->handleRequest(null, Object(Config\Cache), false)
 7 SYSTEMPATH\Boot.php(312): CodeIgniter\CodeIgniter->run()
 8 SYSTEMPATH\Boot.php(67): CodeIgniter\Boot::runCodeIgniter(Object(CodeIgniter\CodeIgniter))
 9 FCPATH\index.php(56): CodeIgniter\Boot::bootWeb(Object(Config\Paths))
CRITICAL - 2024-06-04 00:19:36 --> CodeIgniter\View\Exceptions\ViewException: Invalid file: "inventario/entorno_inventario.php"
[Method: GET, Route: admin/entorno_inventario]
in SYSTEMPATH\Exceptions\FrameworkException.php on line 41.
 1 SYSTEMPATH\View\View.php(222): CodeIgniter\Exceptions\FrameworkException::forInvalidFile('inventario/entorno_inventario.php')
 2 SYSTEMPATH\Common.php(1171): CodeIgniter\View\View->render('inventario/entorno_inventario', [], true)
 3 APPPATH\Controllers\Inventario.php(11): view('inventario/entorno_inventario', [...])
 4 SYSTEMPATH\CodeIgniter.php(933): App\Controllers\Inventario->gestionarInventario()
 5 SYSTEMPATH\CodeIgniter.php(509): CodeIgniter\CodeIgniter->runController(Object(App\Controllers\Inventario))
 6 SYSTEMPATH\CodeIgniter.php(355): CodeIgniter\CodeIgniter->handleRequest(null, Object(Config\Cache), false)
 7 SYSTEMPATH\Boot.php(312): CodeIgniter\CodeIgniter->run()
 8 SYSTEMPATH\Boot.php(67): CodeIgniter\Boot::runCodeIgniter(Object(CodeIgniter\CodeIgniter))
 9 FCPATH\index.php(56): CodeIgniter\Boot::bootWeb(Object(Config\Paths))
CRITICAL - 2024-06-04 00:19:38 --> CodeIgniter\View\Exceptions\ViewException: Invalid file: "inventario/entorno_inventario.php"
[Method: GET, Route: admin/entorno_inventario]
in SYSTEMPATH\Exceptions\FrameworkException.php on line 41.
 1 SYSTEMPATH\View\View.php(222): CodeIgniter\Exceptions\FrameworkException::forInvalidFile('inventario/entorno_inventario.php')
 2 SYSTEMPATH\Common.php(1171): CodeIgniter\View\View->render('inventario/entorno_inventario', [], true)
 3 APPPATH\Controllers\Inventario.php(11): view('inventario/entorno_inventario', [...])
 4 SYSTEMPATH\CodeIgniter.php(933): App\Controllers\Inventario->gestionarInventario()
 5 SYSTEMPATH\CodeIgniter.php(509): CodeIgniter\CodeIgniter->runController(Object(App\Controllers\Inventario))
 6 SYSTEMPATH\CodeIgniter.php(355): CodeIgniter\CodeIgniter->handleRequest(null, Object(Config\Cache), false)
 7 SYSTEMPATH\Boot.php(312): CodeIgniter\CodeIgniter->run()
 8 SYSTEMPATH\Boot.php(67): CodeIgniter\Boot::runCodeIgniter(Object(CodeIgniter\CodeIgniter))
 9 FCPATH\index.php(56): CodeIgniter\Boot::bootWeb(Object(Config\Paths))
CRITICAL - 2024-06-04 00:21:23 --> CodeIgniter\View\Exceptions\ViewException: Invalid file: "inventario/entorno_inventario.php"
[Method: GET, Route: admin/entorno_inventario]
in SYSTEMPATH\Exceptions\FrameworkException.php on line 41.
 1 SYSTEMPATH\View\View.php(222): CodeIgniter\Exceptions\FrameworkException::forInvalidFile('inventario/entorno_inventario.php')
 2 SYSTEMPATH\Common.php(1171): CodeIgniter\View\View->render('inventario/entorno_inventario', [], true)
 3 APPPATH\Controllers\Inventario.php(11): view('inventario/entorno_inventario', [...])
 4 SYSTEMPATH\CodeIgniter.php(933): App\Controllers\Inventario->gestionarInventario()
 5 SYSTEMPATH\CodeIgniter.php(509): CodeIgniter\CodeIgniter->runController(Object(App\Controllers\Inventario))
 6 SYSTEMPATH\CodeIgniter.php(355): CodeIgniter\CodeIgniter->handleRequest(null, Object(Config\Cache), false)
 7 SYSTEMPATH\Boot.php(312): CodeIgniter\CodeIgniter->run()
 8 SYSTEMPATH\Boot.php(67): CodeIgniter\Boot::runCodeIgniter(Object(CodeIgniter\CodeIgniter))
 9 FCPATH\index.php(56): CodeIgniter\Boot::bootWeb(Object(Config\Paths))
